12:10:53  [main] 	Initializing Control Panel
12:10:53  [main] 	Windows Version:  Enterprise  64-bit
12:10:53  [main] 	XAMPP Version: 8.2.12
12:10:53  [main] 	Control Panel Version: 3.3.0  [ Compiled: Apr 6th 2021 ]
12:10:53  [main] 	Running with Administrator rights - good!
12:10:53  [main] 	XAMPP Installation Directory: "w:\xampp\"
12:10:53  [main] 	Checking for prerequisites
12:10:53  [main] 	All prerequisites found
12:10:53  [main] 	Initializing Modules
12:10:53  [main] 	Starting Check-Timer
12:10:53  [main] 	Control Panel Ready
12:11:01  [main] 	Deinitializing Modules
12:11:01  [main] 	Deinitializing Control Panel

12:11:05  [main] 	Initializing Control Panel
12:11:05  [main] 	Windows Version:  Enterprise  64-bit
12:11:05  [main] 	XAMPP Version: 8.2.12
12:11:05  [main] 	Control Panel Version: 3.3.0  [ Compiled: Apr 6th 2021 ]
12:11:05  [main] 	Running with Administrator rights - good!
12:11:05  [main] 	XAMPP Installation Directory: "w:\xampp\"
12:11:05  [main] 	Checking for prerequisites
12:11:06  [main] 	All prerequisites found
12:11:06  [main] 	Initializing Modules
12:11:06  [main] 	Starting Check-Timer
12:11:06  [main] 	Control Panel Ready
12:11:23  [main] 	Deinitializing Modules
12:11:23  [main] 	Deinitializing Control Panel

