2024-05-31 10:57:45 0 [Note] Starting MariaDB 10.4.32-MariaDB source revision c4143f909528e3fab0677a28631d10389354c491 as process 13592
2024-05-31 10:57:45 0 [Note] InnoDB: Mutexes and rw_locks use Windows interlocked functions
2024-05-31 10:57:45 0 [Note] InnoDB: Uses event mutexes
2024-05-31 10:57:45 0 [Note] InnoDB: Compressed tables use zlib 1.3
2024-05-31 10:57:45 0 [Note] InnoDB: Number of pools: 1
2024-05-31 10:57:45 0 [Note] InnoDB: Using SSE2 crc32 instructions
2024-05-31 10:57:45 0 [Note] InnoDB: Initializing buffer pool, total size = 16M, instances = 1, chunk size = 16M
2024-05-31 10:57:45 0 [Note] InnoDB: Completed initialization of buffer pool
2024-05-31 10:57:45 0 [Note] InnoDB: Starting crash recovery from checkpoint LSN=300288
2024-05-31 10:57:45 0 [Note] InnoDB: 128 out of 128 rollback segments are active.
2024-05-31 10:57:45 0 [Note] InnoDB: Removed temporary tablespace data file: "ibtmp1"
2024-05-31 10:57:45 0 [Note] InnoDB: Creating shared tablespace for temporary tables
2024-05-31 10:57:45 0 [Note] InnoDB: Setting file 'W:\xampp\mysql\data\ibtmp1' size to 12 MB. Physically writing the file full; Please wait ...
2024-05-31 10:57:45 0 [Note] InnoDB: File 'W:\xampp\mysql\data\ibtmp1' size is now 12 MB.
2024-05-31 10:57:45 0 [Note] InnoDB: Waiting for purge to start
2024-05-31 10:57:45 0 [Note] InnoDB: 10.4.32 started; log sequence number 300297; transaction id 170
2024-05-31 10:57:45 0 [Note] InnoDB: Loading buffer pool(s) from W:\xampp\mysql\data\ib_buffer_pool
2024-05-31 10:57:45 0 [Note] Plugin 'FEEDBACK' is disabled.
2024-05-31 10:57:45 0 [Note] Server socket created on IP: '::'.
2024-05-31 11:00:08 0 [Note] Starting MariaDB 10.4.32-MariaDB source revision c4143f909528e3fab0677a28631d10389354c491 as process 8852
2024-05-31 11:00:08 0 [Note] InnoDB: Mutexes and rw_locks use Windows interlocked functions
2024-05-31 11:00:08 0 [Note] InnoDB: Uses event mutexes
2024-05-31 11:00:08 0 [Note] InnoDB: Compressed tables use zlib 1.3
2024-05-31 11:00:08 0 [Note] InnoDB: Number of pools: 1
2024-05-31 11:00:08 0 [Note] InnoDB: Using SSE2 crc32 instructions
2024-05-31 11:00:08 0 [Note] InnoDB: Initializing buffer pool, total size = 16M, instances = 1, chunk size = 16M
2024-05-31 11:00:08 0 [Note] InnoDB: Completed initialization of buffer pool
2024-05-31 11:00:08 0 [Note] InnoDB: Starting crash recovery from checkpoint LSN=300306
2024-05-31 11:00:08 0 [Note] InnoDB: 128 out of 128 rollback segments are active.
2024-05-31 11:00:08 0 [Note] InnoDB: Removed temporary tablespace data file: "ibtmp1"
2024-05-31 11:00:08 0 [Note] InnoDB: Creating shared tablespace for temporary tables
2024-05-31 11:00:08 0 [Note] InnoDB: Setting file 'W:\xampp\mysql\data\ibtmp1' size to 12 MB. Physically writing the file full; Please wait ...
2024-05-31 11:00:08 0 [Note] InnoDB: File 'W:\xampp\mysql\data\ibtmp1' size is now 12 MB.
2024-05-31 11:00:08 0 [Note] InnoDB: Waiting for purge to start
2024-05-31 11:00:08 0 [Note] InnoDB: 10.4.32 started; log sequence number 300315; transaction id 170
2024-05-31 11:00:08 0 [Note] InnoDB: Loading buffer pool(s) from W:\xampp\mysql\data\ib_buffer_pool
2024-05-31 11:00:08 0 [Note] Plugin 'FEEDBACK' is disabled.
2024-05-31 11:00:08 0 [Note] Server socket created on IP: '::'.
2024-05-31 11:37:42 0 [Note] Starting MariaDB 10.4.32-MariaDB source revision c4143f909528e3fab0677a28631d10389354c491 as process 12460
2024-05-31 11:37:42 0 [Note] InnoDB: Mutexes and rw_locks use Windows interlocked functions
2024-05-31 11:37:42 0 [Note] InnoDB: Uses event mutexes
2024-05-31 11:37:42 0 [Note] InnoDB: Compressed tables use zlib 1.3
2024-05-31 11:37:42 0 [Note] InnoDB: Number of pools: 1
2024-05-31 11:37:42 0 [Note] InnoDB: Using SSE2 crc32 instructions
2024-05-31 11:37:42 0 [Note] InnoDB: Initializing buffer pool, total size = 16M, instances = 1, chunk size = 16M
2024-05-31 11:37:42 0 [Note] InnoDB: Completed initialization of buffer pool
2024-05-31 11:37:42 0 [Note] InnoDB: Starting crash recovery from checkpoint LSN=300961
2024-05-31 11:37:42 0 [Note] InnoDB: 128 out of 128 rollback segments are active.
2024-05-31 11:37:42 0 [Note] InnoDB: Removed temporary tablespace data file: "ibtmp1"
2024-05-31 11:37:42 0 [Note] InnoDB: Creating shared tablespace for temporary tables
2024-05-31 11:37:42 0 [Note] InnoDB: Setting file 'W:\xampp\mysql\data\ibtmp1' size to 12 MB. Physically writing the file full; Please wait ...
2024-05-31 11:37:42 0 [Note] InnoDB: File 'W:\xampp\mysql\data\ibtmp1' size is now 12 MB.
2024-05-31 11:37:42 0 [Note] InnoDB: Waiting for purge to start
2024-05-31 11:37:42 0 [Note] InnoDB: 10.4.32 started; log sequence number 300970; transaction id 195
2024-05-31 11:37:42 0 [Note] InnoDB: Loading buffer pool(s) from W:\xampp\mysql\data\ib_buffer_pool
2024-05-31 11:37:42 0 [Note] Plugin 'FEEDBACK' is disabled.
2024-05-31 11:37:42 0 [Note] InnoDB: Buffer pool(s) load completed at 240531 11:37:42
2024-05-31 11:37:42 0 [Note] Server socket created on IP: '::'.
2024-05-31 14:27:30 0 [Note] Starting MariaDB 10.4.32-MariaDB source revision c4143f909528e3fab0677a28631d10389354c491 as process 13544
2024-05-31 14:27:30 0 [Note] InnoDB: Mutexes and rw_locks use Windows interlocked functions
2024-05-31 14:27:30 0 [Note] InnoDB: Uses event mutexes
2024-05-31 14:27:30 0 [Note] InnoDB: Compressed tables use zlib 1.3
2024-05-31 14:27:30 0 [Note] InnoDB: Number of pools: 1
2024-05-31 14:27:30 0 [Note] InnoDB: Using SSE2 crc32 instructions
2024-05-31 14:27:30 0 [Note] InnoDB: Initializing buffer pool, total size = 16M, instances = 1, chunk size = 16M
2024-05-31 14:27:30 0 [Note] InnoDB: Completed initialization of buffer pool
2024-05-31 14:27:30 0 [Note] InnoDB: Starting crash recovery from checkpoint LSN=301312
2024-05-31 14:27:30 0 [Note] InnoDB: 128 out of 128 rollback segments are active.
2024-05-31 14:27:30 0 [Note] InnoDB: Removed temporary tablespace data file: "ibtmp1"
2024-05-31 14:27:30 0 [Note] InnoDB: Creating shared tablespace for temporary tables
2024-05-31 14:27:30 0 [Note] InnoDB: Setting file 'W:\xampp\mysql\data\ibtmp1' size to 12 MB. Physically writing the file full; Please wait ...
2024-05-31 14:27:30 0 [Note] InnoDB: File 'W:\xampp\mysql\data\ibtmp1' size is now 12 MB.
2024-05-31 14:27:30 0 [Note] InnoDB: Waiting for purge to start
2024-05-31 14:27:30 0 [Note] InnoDB: 10.4.32 started; log sequence number 301321; transaction id 218
2024-05-31 14:27:30 0 [Note] InnoDB: Loading buffer pool(s) from W:\xampp\mysql\data\ib_buffer_pool
2024-05-31 14:27:30 0 [Note] Plugin 'FEEDBACK' is disabled.
2024-05-31 14:27:30 0 [Note] Server socket created on IP: '::'.
2024-06-01  1:17:49 0 [Note] Starting MariaDB 10.4.32-MariaDB source revision c4143f909528e3fab0677a28631d10389354c491 as process 22736
2024-06-01  1:17:49 0 [Note] InnoDB: Mutexes and rw_locks use Windows interlocked functions
2024-06-01  1:17:49 0 [Note] InnoDB: Uses event mutexes
2024-06-01  1:17:49 0 [Note] InnoDB: Compressed tables use zlib 1.3
2024-06-01  1:17:49 0 [Note] InnoDB: Number of pools: 1
2024-06-01  1:17:49 0 [Note] InnoDB: Using SSE2 crc32 instructions
2024-06-01  1:17:49 0 [Note] InnoDB: Initializing buffer pool, total size = 16M, instances = 1, chunk size = 16M
2024-06-01  1:17:49 0 [Note] InnoDB: Completed initialization of buffer pool
2024-06-01  1:17:49 0 [Note] InnoDB: Starting crash recovery from checkpoint LSN=301330
2024-06-01  1:17:49 0 [Note] InnoDB: 128 out of 128 rollback segments are active.
2024-06-01  1:17:49 0 [Note] InnoDB: Removed temporary tablespace data file: "ibtmp1"
2024-06-01  1:17:49 0 [Note] InnoDB: Creating shared tablespace for temporary tables
2024-06-01  1:17:49 0 [Note] InnoDB: Setting file 'W:\xampp\mysql\data\ibtmp1' size to 12 MB. Physically writing the file full; Please wait ...
2024-06-01  1:17:49 0 [Note] InnoDB: File 'W:\xampp\mysql\data\ibtmp1' size is now 12 MB.
2024-06-01  1:17:49 0 [Note] InnoDB: Waiting for purge to start
2024-06-01  1:17:50 0 [Note] InnoDB: 10.4.32 started; log sequence number 301339; transaction id 218
2024-06-01  1:17:50 0 [Note] InnoDB: Loading buffer pool(s) from W:\xampp\mysql\data\ib_buffer_pool
2024-06-01  1:17:50 0 [Note] Plugin 'FEEDBACK' is disabled.
2024-06-01  1:17:50 0 [Note] InnoDB: Buffer pool(s) load completed at 240601  1:17:50
2024-06-01  1:17:50 0 [Note] Server socket created on IP: '::'.
2024-06-01  1:21:27 0 [Note] Starting MariaDB 10.4.32-MariaDB source revision c4143f909528e3fab0677a28631d10389354c491 as process 16112
2024-06-01  1:21:27 0 [Note] InnoDB: Mutexes and rw_locks use Windows interlocked functions
2024-06-01  1:21:27 0 [Note] InnoDB: Uses event mutexes
2024-06-01  1:21:27 0 [Note] InnoDB: Compressed tables use zlib 1.3
2024-06-01  1:21:27 0 [Note] InnoDB: Number of pools: 1
2024-06-01  1:21:27 0 [Note] InnoDB: Using SSE2 crc32 instructions
2024-06-01  1:21:27 0 [Note] InnoDB: Initializing buffer pool, total size = 16M, instances = 1, chunk size = 16M
2024-06-01  1:21:27 0 [Note] InnoDB: Completed initialization of buffer pool
2024-06-01  1:21:27 0 [Note] InnoDB: Starting crash recovery from checkpoint LSN=301348
2024-06-01  1:21:27 0 [Note] InnoDB: 128 out of 128 rollback segments are active.
2024-06-01  1:21:27 0 [Note] InnoDB: Removed temporary tablespace data file: "ibtmp1"
2024-06-01  1:21:27 0 [Note] InnoDB: Creating shared tablespace for temporary tables
2024-06-01  1:21:27 0 [Note] InnoDB: Setting file 'W:\xampp\mysql\data\ibtmp1' size to 12 MB. Physically writing the file full; Please wait ...
2024-06-01  1:21:27 0 [Note] InnoDB: File 'W:\xampp\mysql\data\ibtmp1' size is now 12 MB.
2024-06-01  1:21:27 0 [Note] InnoDB: Waiting for purge to start
2024-06-01  1:21:27 0 [Note] InnoDB: 10.4.32 started; log sequence number 301357; transaction id 218
2024-06-01  1:21:27 0 [Note] InnoDB: Loading buffer pool(s) from W:\xampp\mysql\data\ib_buffer_pool
2024-06-01  1:21:27 0 [Note] Plugin 'FEEDBACK' is disabled.
2024-06-01  1:21:27 0 [Note] Server socket created on IP: '::'.
